Info: Start Nativelink Simulation process

========= EDA Simulation Settings =====================

Sim Mode              :  Gate
Family                :  cyclonev
Quartus root          :  c:/appl/intelfpga_lite/19.1/quartus/bin64/
Quartus sim root      :  c:/appl/intelfpga_lite/19.1/quartus/eda/sim_lib
Simulation Tool       :  modelsim-altera
Simulation Language   :  vhdl
Version               :  93
Simulation Mode       :  GUI
Sim Output File       :  SCOMP.vho
Sim SDF file          :  SCOMP__vhdl.sdo
Sim dir               :  simulation\modelsim

=======================================================

Info: Starting NativeLink simulation with ModelSim-Altera software
Sourced NativeLink script c:/appl/intelfpga_lite/19.1/quartus/common/tcl/internal/nativelink/modelsim.tcl
Probing transcript
ModelSim-Altera Info: # Reading C:/Appl/intelFPGA_lite/19.1/modelsim_ase/tcl/vsim/pref.tcl
ModelSim-Altera Info: # do SCOMP_run_msim_gate_vhdl.do
ModelSim-Altera Info: # if {[file exists gate_work]} {
ModelSim-Altera Info: # 	vdel -lib gate_work -all
ModelSim-Altera Info: # }
ModelSim-Altera Info: # vlib gate_work
ModelSim-Altera Info: # vmap work gate_work
ModelSim-Altera Info: # Model Technology ModelSim - Intel FPGA Edition vmap 10.5b Lib Mapping Utility 2016.10 Oct  5 2016
ModelSim-Altera Info: # vmap work gate_work 
ModelSim-Altera Info: # Copying C:/Appl/intelFPGA_lite/19.1/modelsim_ase/win32aloem/../modelsim.ini to modelsim.ini
ModelSim-Altera Info: # Modifying modelsim.ini
ModelSim-Altera Info: # 
ModelSim-Altera Info: # vcom -93 -work work {SCOMP.vho}
ModelSim-Altera Info: # Model Technology ModelSim - Intel FPGA Edition vcom 10.5b Compiler 2016.10 Oct  5 2016
ModelSim-Altera Info: # Start time: 21:48:28 on Oct 28,2024
ModelSim-Altera Info: # vcom -reportprogress 300 -93 -work work SCOMP.vho 
ModelSim-Altera Info: # -- Loading package STANDARD
ModelSim-Altera Info: # -- Loading package TEXTIO
ModelSim-Altera Info: # -- Loading package std_logic_1164
ModelSim-Altera Info: # -- Loading package VITAL_Timing
ModelSim-Altera Info: # -- Loading package VITAL_Primitives
ModelSim-Altera Info: # -- Loading package dffeas_pack
ModelSim-Altera Info: # -- Loading package altera_primitives_components
ModelSim-Altera Info: # -- Loading package altera_lnsim_components
ModelSim-Altera Info: # -- Loading package cyclonev_atom_pack
ModelSim-Altera Info: # -- Loading package cyclonev_components
ModelSim-Altera Info: # -- Compiling entity SCOMP_System
ModelSim-Altera Info: # -- Compiling architecture structure of SCOMP_System
ModelSim-Altera Info: # End time: 21:48:30 on Oct 28,2024, Elapsed time: 0:00:02
ModelSim-Altera Info: # Errors: 0, Warnings: 0
ModelSim-Altera Info: # 
Info: NativeLink simulation flow was successful
